Using pre-set license

 COMMAND LINE ARGUMENTS:
/Applications/Unity/Hub/Editor/2020.3.11f1/Unity.app/Contents/MacOS/Unity
-adb2
-batchMode
-noUpm
-name
AssetImportWorker0
-projectPath
/Users/poomyimyuean/Desktop/Poomkun/Hub/Game/Unity/Dranyen
-logFile
Logs/AssetImportWorker0.log
-srvPort
63547
Successfully changed project path to: /Users/poomyimyuean/Desktop/Poomkun/Hub/Game/Unity/Dranyen
/Users/poomyimyuean/Desktop/Poomkun/Hub/Game/Unity/Dranyen
Using Asset Import Pipeline V2.
Refreshing native plugins compatible for Editor in 48.45 ms, found 3 plugins.
Preloading 0 native plugins for Editor in 0.00 ms.
Initialize engine version: 2020.3.11f1 (99c7afb366b3)
[Subsystems] Discovering subsystems at path /Applications/Unity/Hub/Editor/2020.3.11f1/Unity.app/Contents/Resources/UnitySubsystems
[Subsystems] Discovering subsystems at path /Users/poomyimyuean/Desktop/Poomkun/Hub/Game/Unity/Dranyen/Assets
GfxDevice: creating device client; threaded=0
2021-06-10 00:36:55.162 Unity[43847:2869796] (null) preferred device: Apple M1 (high power)
2021-06-10 00:36:55.162 Unity[43847:2869796] Metal devices available: 1
2021-06-10 00:36:55.162 Unity[43847:2869796] 0: Apple M1 (high power)
2021-06-10 00:36:55.162 Unity[43847:2869796] Using device Apple M1 (high power)
Initializing Metal device caps: Apple M1
Initialize mono
Mono path[0] = '/Applications/Unity/Hub/Editor/2020.3.11f1/Unity.app/Contents/Managed'
Mono path[1] = '/Applications/Unity/Hub/Editor/2020.3.11f1/Unity.app/Contents/MonoBleedingEdge/lib/mono/unityjit'
Mono config path = '/Applications/Unity/Hub/Editor/2020.3.11f1/Unity.app/Contents/MonoBleedingEdge/etc'
Using monoOptions --debugger-agent=transport=dt_socket,embedding=1,server=y,suspend=n,address=127.0.0.1:56847
Begin MonoManager ReloadAssembly
Registering precompiled unity dll's ...
Register platform support module: /Applications/Unity/Hub/Editor/2020.3.11f1/PlaybackEngines/WebGLSupport/UnityEditor.WebGL.Extensions.dll
Register platform support module: /Applications/Unity/Hub/Editor/2020.3.11f1/Unity.app/Contents/PlaybackEngines/MacStandaloneSupport/UnityEditor.OSXStandalone.Extensions.dll
Register platform support module: /Applications/Unity/Hub/Editor/2020.3.11f1/PlaybackEngines/WindowsStandaloneSupport/UnityEditor.WindowsStandalone.Extensions.dll
Registered in 0.003186 seconds.
Native extension for WindowsStandalone target not found
Native extension for OSXStandalone target not found
Native extension for WebGL target not found
Refreshing native plugins compatible for Editor in 44.60 ms, found 3 plugins.
Preloading 0 native plugins for Editor in 0.00 ms.
Mono: successfully reloaded assembly
- Completed reload, in  3.333 seconds
Platform modules already initialized, skipping
Registering precompiled user dll's ...
Registered in 0.004400 seconds.
Begin MonoManager ReloadAssembly
Native extension for WindowsStandalone target not found
Native extension for OSXStandalone target not found
Native extension for WebGL target not found
Refreshing native plugins compatible for Editor in 44.31 ms, found 3 plugins.
Preloading 0 native plugins for Editor in 0.00 ms.
Mono: successfully reloaded assembly
- Completed reload, in  2.396 seconds
Platform modules already initialized, skipping
========================================================================
Worker process is ready to serve import requests
Launching external process: /Applications/Unity/Hub/Editor/2020.3.11f1/Unity.app/Contents/Tools/UnityShaderCompiler
Launched and connected shader compiler UnityShaderCompiler after 0.06 seconds
Refreshing native plugins compatible for Editor in 0.52 ms, found 3 plugins.
Preloading 0 native plugins for Editor in 0.00 ms.
Unloading 2092 Unused Serialized files (Serialized files now loaded: 0)
System memory in use before: 175.7 MB.
System memory in use after: 175.7 MB.

Unloading 35 unused Assets to reduce memory usage. Loaded Objects now: 2523.
Total: 2.100083 ms (FindLiveObjects: 0.137625 ms CreateObjectMapping: 0.041000 ms MarkObjects: 1.784250 ms  DeleteObjects: 0.136084 ms)

========================================================================
Received Import Request.
  path: Assets/BayatGames
  artifactKey: Guid(f72ba57bc5e8242269c4766f110b820b) Importer(815301076,1909f56bfc062723c751e8b465ee728b)
Start importing Assets/BayatGames using Guid(f72ba57bc5e8242269c4766f110b820b) Importer(815301076,1909f56bfc062723c751e8b465ee728b)  -> (artifact id: 'c7ce724975191ca98373cd6f2de288b5') in 0.007416 seconds
  Import took 0.010489 seconds .

========================================================================
Received Import Request.
  Time since last request: 0.000266 seconds.
  path: Assets/BayatGames/Free Platform Game Assets
  artifactKey: Guid(fca484a638c989e4d899378f52d7c168) Importer(815301076,1909f56bfc062723c751e8b465ee728b)
Start importing Assets/BayatGames/Free Platform Game Assets using Guid(fca484a638c989e4d899378f52d7c168) Importer(815301076,1909f56bfc062723c751e8b465ee728b)  -> (artifact id: '0120225e48bde8cac3b770120d18dc87') in 0.000836 seconds
  Import took 0.002722 seconds .

========================================================================
Received Import Request.
  Time since last request: 0.000174 seconds.
  path: Assets/BayatGames/Free Platform Game Assets/Backgrounds/Background
  artifactKey: Guid(d1812e76ef309974dab10fcb8a0593ca) Importer(815301076,1909f56bfc062723c751e8b465ee728b)
Start importing Assets/BayatGames/Free Platform Game Assets/Backgrounds/Background using Guid(d1812e76ef309974dab10fcb8a0593ca) Importer(815301076,1909f56bfc062723c751e8b465ee728b)  -> (artifact id: '7be823cc23b893393bfd8020a685d94f') in 0.006865 seconds
  Import took 0.009551 seconds .

========================================================================
Received Import Request.
  Time since last request: 0.000249 seconds.
  path: Assets/Scenes
  artifactKey: Guid(11dabbd158b474687b9e76a0165475bb) Importer(815301076,1909f56bfc062723c751e8b465ee728b)
Start importing Assets/Scenes using Guid(11dabbd158b474687b9e76a0165475bb) Importer(815301076,1909f56bfc062723c751e8b465ee728b)  -> (artifact id: 'ea65c7fa31551b69e91ea6b5087ef2a6') in 0.000834 seconds
  Import took 0.002657 seconds .

========================================================================
Received Import Request.
  Time since last request: 0.000197 seconds.
  path: Assets/BayatGames/Free Platform Game Assets/Backgrounds
  artifactKey: Guid(4032d8f8d13c5954f956f116443aacff) Importer(815301076,1909f56bfc062723c751e8b465ee728b)
Start importing Assets/BayatGames/Free Platform Game Assets/Backgrounds using Guid(4032d8f8d13c5954f956f116443aacff) Importer(815301076,1909f56bfc062723c751e8b465ee728b)  -> (artifact id: 'ba74855f66ec91ad185e20ac2aa147e3') in 0.000853 seconds
  Import took 0.002980 seconds .

========================================================================
Received Import Request.
  Time since last request: 0.457664 seconds.
  path: Assets/BayatGames/Free Platform Game Assets/Backgrounds/Background/png
  artifactKey: Guid(b1af854388f12ea46b814763cf1775fc) Importer(815301076,1909f56bfc062723c751e8b465ee728b)
Start importing Assets/BayatGames/Free Platform Game Assets/Backgrounds/Background/png using Guid(b1af854388f12ea46b814763cf1775fc) Importer(815301076,1909f56bfc062723c751e8b465ee728b)  -> (artifact id: '143610d8f77408e7627edae6963041f0') in 0.001251 seconds
  Import took 0.004893 seconds .

========================================================================
Received Import Request.
  Time since last request: 1.166568 seconds.
  path: Assets/BayatGames/Free Platform Game Assets/Backgrounds/Background/png/1920x1080
  artifactKey: Guid(b9f215df0afd812498117de05656ec6e) Importer(815301076,1909f56bfc062723c751e8b465ee728b)
Start importing Assets/BayatGames/Free Platform Game Assets/Backgrounds/Background/png/1920x1080 using Guid(b9f215df0afd812498117de05656ec6e) Importer(815301076,1909f56bfc062723c751e8b465ee728b)  -> (artifact id: '2715c9238b185ef524e58f04c304b0da') in 0.001993 seconds
  Import took 0.005963 seconds .

========================================================================
Received Import Request.
  Time since last request: 0.000336 seconds.
  path: Assets/BayatGames/Free Platform Game Assets/Backgrounds/Background/png/1920x1080
  artifactKey: Guid(b9f215df0afd812498117de05656ec6e) Importer(815301076,1909f56bfc062723c751e8b465ee728b)
Start importing Assets/BayatGames/Free Platform Game Assets/Backgrounds/Background/png/1920x1080 using Guid(b9f215df0afd812498117de05656ec6e) Importer(815301076,1909f56bfc062723c751e8b465ee728b)  -> (artifact id: '2715c9238b185ef524e58f04c304b0da') in 0.000919 seconds
  Import took 0.003915 seconds .

========================================================================
Received Import Request.
  Time since last request: 3.358500 seconds.
  path: Assets/BayatGames/Free Platform Game Assets/Backgrounds/Background/png/1920x1080/Background
  artifactKey: Guid(9e33d8eab5601ba4e98e72e772e4d603) Importer(815301076,1909f56bfc062723c751e8b465ee728b)
Start importing Assets/BayatGames/Free Platform Game Assets/Backgrounds/Background/png/1920x1080/Background using Guid(9e33d8eab5601ba4e98e72e772e4d603) Importer(815301076,1909f56bfc062723c751e8b465ee728b)  -> (artifact id: 'c47a3eebd9b0aa3935d9c5d8e5cdb52e') in 0.001049 seconds
  Import took 0.004784 seconds .

========================================================================
Received Import Request.
  Time since last request: 0.085856 seconds.
  path: Assets/BayatGames/Free Platform Game Assets/Backgrounds/Background/png/1920x1080/Background/Background.png
  artifactKey: Guid(a52c61e4d863eb24eb1a6cec742bd3ff) Importer(815301076,1909f56bfc062723c751e8b465ee728b)
Start importing Assets/BayatGames/Free Platform Game Assets/Backgrounds/Background/png/1920x1080/Background/Background.png using Guid(a52c61e4d863eb24eb1a6cec742bd3ff) Importer(815301076,1909f56bfc062723c751e8b465ee728b)  -> (artifact id: 'ee94a43253b340af8dc0a943a048a16c') in 0.743376 seconds
  Import took 0.746214 seconds .

========================================================================
Received Import Request.
  Time since last request: 31.484203 seconds.
  path: Assets/BayatGames/Free Platform Game Assets/Character
  artifactKey: Guid(49d41ba9d76148b4c832aaf9c8625c68) Importer(815301076,1909f56bfc062723c751e8b465ee728b)
Start importing Assets/BayatGames/Free Platform Game Assets/Character using Guid(49d41ba9d76148b4c832aaf9c8625c68) Importer(815301076,1909f56bfc062723c751e8b465ee728b)  -> (artifact id: '1ae5a78245cabaa8e741f0aa3c1fa8b8') in 0.002641 seconds
  Import took 0.014563 seconds .

========================================================================
Received Import Request.
  Time since last request: 3.485291 seconds.
  path: Assets/BayatGames/Free Platform Game Assets/Tiles
  artifactKey: Guid(9967777a9fc49854c981eb9ebd1bb605) Importer(815301076,1909f56bfc062723c751e8b465ee728b)
Start importing Assets/BayatGames/Free Platform Game Assets/Tiles using Guid(9967777a9fc49854c981eb9ebd1bb605) Importer(815301076,1909f56bfc062723c751e8b465ee728b)  -> (artifact id: 'd51591b59ed37383e656f842f7eacd4b') in 0.001444 seconds
  Import took 0.005033 seconds .

========================================================================
Received Import Request.
  Time since last request: 0.001137 seconds.
  path: Assets/BayatGames/Free Platform Game Assets/Tiles
  artifactKey: Guid(9967777a9fc49854c981eb9ebd1bb605) Importer(815301076,1909f56bfc062723c751e8b465ee728b)
Start importing Assets/BayatGames/Free Platform Game Assets/Tiles using Guid(9967777a9fc49854c981eb9ebd1bb605) Importer(815301076,1909f56bfc062723c751e8b465ee728b)  -> (artifact id: 'd51591b59ed37383e656f842f7eacd4b') in 0.000864 seconds
  Import took 0.003873 seconds .

========================================================================
Received Import Request.
  Time since last request: 2.396329 seconds.
  path: Assets/BayatGames/Free Platform Game Assets/Tiles/2D Tiles ( Update 1.9 )
  artifactKey: Guid(f24df406af5b44d4b93237a1564ea376) Importer(815301076,1909f56bfc062723c751e8b465ee728b)
Start importing Assets/BayatGames/Free Platform Game Assets/Tiles/2D Tiles ( Update 1.9 ) using Guid(f24df406af5b44d4b93237a1564ea376) Importer(815301076,1909f56bfc062723c751e8b465ee728b)  -> (artifact id: 'e113bf47887ab25c06b455398842c050') in 0.002146 seconds
  Import took 0.006712 seconds .

========================================================================
Received Import Request.
  Time since last request: 0.001120 seconds.
  path: Assets/BayatGames/Free Platform Game Assets/Tiles/2D Tiles ( Update 1.9 )
  artifactKey: Guid(f24df406af5b44d4b93237a1564ea376) Importer(815301076,1909f56bfc062723c751e8b465ee728b)
Start importing Assets/BayatGames/Free Platform Game Assets/Tiles/2D Tiles ( Update 1.9 ) using Guid(f24df406af5b44d4b93237a1564ea376) Importer(815301076,1909f56bfc062723c751e8b465ee728b)  -> (artifact id: 'e113bf47887ab25c06b455398842c050') in 0.000953 seconds
  Import took 0.004361 seconds .

========================================================================
Received Import Request.
  Time since last request: 2.293667 seconds.
  path: Assets/BayatGames/Free Platform Game Assets/Tiles/2D Tiles ( Update 1.9 )/Autumn
  artifactKey: Guid(363aa7853fa685d4ebf0ffe665d5d764) Importer(815301076,1909f56bfc062723c751e8b465ee728b)
Start importing Assets/BayatGames/Free Platform Game Assets/Tiles/2D Tiles ( Update 1.9 )/Autumn using Guid(363aa7853fa685d4ebf0ffe665d5d764) Importer(815301076,1909f56bfc062723c751e8b465ee728b)  -> (artifact id: '506f38700fbf1eab2afdd711d4ef9cfc') in 0.001364 seconds
  Import took 0.004931 seconds .

========================================================================
Received Import Request.
  Time since last request: 0.000765 seconds.
  path: Assets/BayatGames/Free Platform Game Assets/Tiles/2D Tiles ( Update 1.9 )/Autumn
  artifactKey: Guid(363aa7853fa685d4ebf0ffe665d5d764) Importer(815301076,1909f56bfc062723c751e8b465ee728b)
Start importing Assets/BayatGames/Free Platform Game Assets/Tiles/2D Tiles ( Update 1.9 )/Autumn using Guid(363aa7853fa685d4ebf0ffe665d5d764) Importer(815301076,1909f56bfc062723c751e8b465ee728b)  -> (artifact id: '506f38700fbf1eab2afdd711d4ef9cfc') in 0.000789 seconds
  Import took 0.004021 seconds .

========================================================================
Received Import Request.
  Time since last request: 2.909058 seconds.
  path: Assets/BayatGames/Free Platform Game Assets/Tiles/2D Tiles ( Update 1.9 )/Autumn/256x256
  artifactKey: Guid(40c368fa30b9ef84bae7f8cf77d71c8f) Importer(815301076,1909f56bfc062723c751e8b465ee728b)
Start importing Assets/BayatGames/Free Platform Game Assets/Tiles/2D Tiles ( Update 1.9 )/Autumn/256x256 using Guid(40c368fa30b9ef84bae7f8cf77d71c8f) Importer(815301076,1909f56bfc062723c751e8b465ee728b)  -> (artifact id: '1a20df9024562d1f4a3057c7487e7511') in 0.001525 seconds
  Import took 0.005205 seconds .

========================================================================
Received Import Request.
  Time since last request: 0.078818 seconds.
  path: Assets/BayatGames/Free Platform Game Assets/Tiles/2D Tiles ( Update 1.9 )/Autumn/256x256/Grass.png
  artifactKey: Guid(d2e5333787caeaf4ebffc05559c3d256) Importer(815301076,1909f56bfc062723c751e8b465ee728b)
Start importing Assets/BayatGames/Free Platform Game Assets/Tiles/2D Tiles ( Update 1.9 )/Autumn/256x256/Grass.png using Guid(d2e5333787caeaf4ebffc05559c3d256) Importer(815301076,1909f56bfc062723c751e8b465ee728b)  -> (artifact id: 'a2c7f206effe2b8e7ee748f766eb1ab8') in 0.029651 seconds
  Import took 0.032487 seconds .

========================================================================
Received Import Request.
  Time since last request: 0.000193 seconds.
  path: Assets/BayatGames/Free Platform Game Assets/Tiles/2D Tiles ( Update 1.9 )/Autumn/256x256/GrassHillRight2.png
  artifactKey: Guid(244d59731ee2a984ebb854f847d30cab) Importer(815301076,1909f56bfc062723c751e8b465ee728b)
Start importing Assets/BayatGames/Free Platform Game Assets/Tiles/2D Tiles ( Update 1.9 )/Autumn/256x256/GrassHillRight2.png using Guid(244d59731ee2a984ebb854f847d30cab) Importer(815301076,1909f56bfc062723c751e8b465ee728b)  -> (artifact id: 'bcf779d0640fd71da83214885627a478') in 0.011094 seconds
  Import took 0.013954 seconds .

========================================================================
Received Import Request.
  Time since last request: 0.000266 seconds.
  path: Assets/BayatGames/Free Platform Game Assets/Tiles/2D Tiles ( Update 1.9 )/Autumn/256x256/GrassHillRight2 DownShadow.png
  artifactKey: Guid(6c8758634bc2a704d91737a0480258bf) Importer(815301076,1909f56bfc062723c751e8b465ee728b)
Start importing Assets/BayatGames/Free Platform Game Assets/Tiles/2D Tiles ( Update 1.9 )/Autumn/256x256/GrassHillRight2 DownShadow.png using Guid(6c8758634bc2a704d91737a0480258bf) Importer(815301076,1909f56bfc062723c751e8b465ee728b)  -> (artifact id: 'a2dd2873abd89529bcfbddbe77c71ae4') in 0.008150 seconds
  Import took 0.010517 seconds .

========================================================================
Received Import Request.
  Time since last request: 0.000271 seconds.
  path: Assets/BayatGames/Free Platform Game Assets/Tiles/2D Tiles ( Update 1.9 )/Autumn/256x256/GrassJoinHillLeft2 DownShadow.png
  artifactKey: Guid(2abe0c6884fe6d54490c02fe31cb3bbe) Importer(815301076,1909f56bfc062723c751e8b465ee728b)
Start importing Assets/BayatGames/Free Platform Game Assets/Tiles/2D Tiles ( Update 1.9 )/Autumn/256x256/GrassJoinHillLeft2 DownShadow.png using Guid(2abe0c6884fe6d54490c02fe31cb3bbe) Importer(815301076,1909f56bfc062723c751e8b465ee728b)  -> (artifact id: '23aa6d64f843f011d09cba6df678236c') in 0.008562 seconds
  Import took 0.011070 seconds .

========================================================================
Received Import Request.
  Time since last request: 0.000255 seconds.
  path: Assets/BayatGames/Free Platform Game Assets/Tiles/2D Tiles ( Update 1.9 )/Autumn/256x256/GrassCliffLeft.png
  artifactKey: Guid(b0fabf9bb2d1c5c4ab33252072ce8919) Importer(815301076,1909f56bfc062723c751e8b465ee728b)
Start importing Assets/BayatGames/Free Platform Game Assets/Tiles/2D Tiles ( Update 1.9 )/Autumn/256x256/GrassCliffLeft.png using Guid(b0fabf9bb2d1c5c4ab33252072ce8919) Importer(815301076,1909f56bfc062723c751e8b465ee728b)  -> (artifact id: '25824b8ad73d87fbd8a02f5fcc393217') in 0.008199 seconds
  Import took 0.010307 seconds .

========================================================================
Received Import Request.
  Time since last request: 0.000179 seconds.
  path: Assets/BayatGames/Free Platform Game Assets/Tiles/2D Tiles ( Update 1.9 )/Autumn/256x256/GrassMid.png
  artifactKey: Guid(4e78236c1a8223e48862222a09aedd8d) Importer(815301076,1909f56bfc062723c751e8b465ee728b)
Start importing Assets/BayatGames/Free Platform Game Assets/Tiles/2D Tiles ( Update 1.9 )/Autumn/256x256/GrassMid.png using Guid(4e78236c1a8223e48862222a09aedd8d) Importer(815301076,1909f56bfc062723c751e8b465ee728b)  -> (artifact id: 'e4a438ec2ef7145191115c294d3f2bf2') in 0.007881 seconds
  Import took 0.010163 seconds .

========================================================================
Received Import Request.
  Time since last request: 0.000215 seconds.
  path: Assets/BayatGames/Free Platform Game Assets/Tiles/2D Tiles ( Update 1.9 )/Autumn/256x256/GrassLeft.png
  artifactKey: Guid(17e12354edd794c4c999ea492cb577c4) Importer(815301076,1909f56bfc062723c751e8b465ee728b)
Start importing Assets/BayatGames/Free Platform Game Assets/Tiles/2D Tiles ( Update 1.9 )/Autumn/256x256/GrassLeft.png using Guid(17e12354edd794c4c999ea492cb577c4) Importer(815301076,1909f56bfc062723c751e8b465ee728b)  -> (artifact id: '39ecbcea59456d761daeb1173aee9006') in 0.008003 seconds
  Import took 0.010260 seconds .

========================================================================
Received Import Request.
  Time since last request: 0.000209 seconds.
  path: Assets/BayatGames/Free Platform Game Assets/Tiles/2D Tiles ( Update 1.9 )/Autumn/256x256/GrassJoinHillLeft.png
  artifactKey: Guid(2490eadba64dad743bbd12698078ed3e) Importer(815301076,1909f56bfc062723c751e8b465ee728b)
Start importing Assets/BayatGames/Free Platform Game Assets/Tiles/2D Tiles ( Update 1.9 )/Autumn/256x256/GrassJoinHillLeft.png using Guid(2490eadba64dad743bbd12698078ed3e) Importer(815301076,1909f56bfc062723c751e8b465ee728b)  -> (artifact id: '917400756f0b01f26990c3074b88adc4') in 0.009202 seconds
  Import took 0.011559 seconds .

========================================================================
Received Import Request.
  Time since last request: 0.000303 seconds.
  path: Assets/BayatGames/Free Platform Game Assets/Tiles/2D Tiles ( Update 1.9 )/Autumn/256x256/GrassHillLeft.png
  artifactKey: Guid(13a295e9d3e7cee4dbc0d43988478b6d) Importer(815301076,1909f56bfc062723c751e8b465ee728b)
Start importing Assets/BayatGames/Free Platform Game Assets/Tiles/2D Tiles ( Update 1.9 )/Autumn/256x256/GrassHillLeft.png using Guid(13a295e9d3e7cee4dbc0d43988478b6d) Importer(815301076,1909f56bfc062723c751e8b465ee728b)  -> (artifact id: '4be47f25520e498d3d46b9dc874d76cf') in 0.009318 seconds
  Import took 0.011672 seconds .

========================================================================
Received Import Request.
  Time since last request: 0.000244 seconds.
  path: Assets/BayatGames/Free Platform Game Assets/Tiles/2D Tiles ( Update 1.9 )/Autumn/256x256/GrassJoinHillRight2&Left2.png
  artifactKey: Guid(b3877fb12bc2b2741b4e74a6f9540378) Importer(815301076,1909f56bfc062723c751e8b465ee728b)
Start importing Assets/BayatGames/Free Platform Game Assets/Tiles/2D Tiles ( Update 1.9 )/Autumn/256x256/GrassJoinHillRight2&Left2.png using Guid(b3877fb12bc2b2741b4e74a6f9540378) Importer(815301076,1909f56bfc062723c751e8b465ee728b)  -> (artifact id: '4e6bbb0e6f916192a02fc8625798e0ce') in 0.008017 seconds
  Import took 0.010358 seconds .

========================================================================
Received Import Request.
  Time since last request: 0.000227 seconds.
  path: Assets/BayatGames/Free Platform Game Assets/Tiles/2D Tiles ( Update 1.9 )/Autumn/256x256/GrassRight.png
  artifactKey: Guid(1051a7b99ed61a449a2c4701a522121d) Importer(815301076,1909f56bfc062723c751e8b465ee728b)
Start importing Assets/BayatGames/Free Platform Game Assets/Tiles/2D Tiles ( Update 1.9 )/Autumn/256x256/GrassRight.png using Guid(1051a7b99ed61a449a2c4701a522121d) Importer(815301076,1909f56bfc062723c751e8b465ee728b)  -> (artifact id: '480dadfdc56054ac86812fa1bb55ae08') in 0.007973 seconds
  Import took 0.010160 seconds .

========================================================================
Received Import Request.
  Time since last request: 0.000222 seconds.
  path: Assets/BayatGames/Free Platform Game Assets/Tiles/2D Tiles ( Update 1.9 )/Autumn/256x256/GrassJoinHillLeft2.png
  artifactKey: Guid(a38077da8ace4b8448295159bdbfa350) Importer(815301076,1909f56bfc062723c751e8b465ee728b)
Start importing Assets/BayatGames/Free Platform Game Assets/Tiles/2D Tiles ( Update 1.9 )/Autumn/256x256/GrassJoinHillLeft2.png using Guid(a38077da8ace4b8448295159bdbfa350) Importer(815301076,1909f56bfc062723c751e8b465ee728b)  -> (artifact id: 'bf7a9c1430a52e3b02c6dd183d318303') in 0.007767 seconds
  Import took 0.009871 seconds .

========================================================================
Received Import Request.
  Time since last request: 0.000267 seconds.
  path: Assets/BayatGames/Free Platform Game Assets/Tiles/2D Tiles ( Update 1.9 )/Autumn/256x256/GrassCliffMid.png
  artifactKey: Guid(f49938fd5e962834d80abcc368229c65) Importer(815301076,1909f56bfc062723c751e8b465ee728b)
Start importing Assets/BayatGames/Free Platform Game Assets/Tiles/2D Tiles ( Update 1.9 )/Autumn/256x256/GrassCliffMid.png using Guid(f49938fd5e962834d80abcc368229c65) Importer(815301076,1909f56bfc062723c751e8b465ee728b)  -> (artifact id: '82207b23dd09c649ace7a149066f809b') in 0.009099 seconds
  Import took 0.011385 seconds .

========================================================================
Received Import Request.
  Time since last request: 0.000220 seconds.
  path: Assets/BayatGames/Free Platform Game Assets/Tiles/2D Tiles ( Update 1.9 )/Autumn/256x256/GrassJoinHillLeft&Right.png
  artifactKey: Guid(4116ffbebb8ddd644aba5912193e0239) Importer(815301076,1909f56bfc062723c751e8b465ee728b)
Start importing Assets/BayatGames/Free Platform Game Assets/Tiles/2D Tiles ( Update 1.9 )/Autumn/256x256/GrassJoinHillLeft&Right.png using Guid(4116ffbebb8ddd644aba5912193e0239) Importer(815301076,1909f56bfc062723c751e8b465ee728b)  -> (artifact id: '7364ad7b9c27f90361e302a7d267a6c7') in 0.007708 seconds
  Import took 0.010079 seconds .

========================================================================
Received Import Request.
  Time since last request: 0.000238 seconds.
  path: Assets/BayatGames/Free Platform Game Assets/Tiles/2D Tiles ( Update 1.9 )/Autumn/256x256/GrassJoinHillRight2.png
  artifactKey: Guid(4a9cb17f4295c514592d7996bca929dc) Importer(815301076,1909f56bfc062723c751e8b465ee728b)
Start importing Assets/BayatGames/Free Platform Game Assets/Tiles/2D Tiles ( Update 1.9 )/Autumn/256x256/GrassJoinHillRight2.png using Guid(4a9cb17f4295c514592d7996bca929dc) Importer(815301076,1909f56bfc062723c751e8b465ee728b)  -> (artifact id: 'a94306805cbe50ed8bcfb8f24d45b93a') in 0.025090 seconds
  Import took 0.027356 seconds .

========================================================================
Received Import Request.
  Time since last request: 0.000247 seconds.
  path: Assets/BayatGames/Free Platform Game Assets/Tiles/2D Tiles ( Update 1.9 )/Autumn/256x256/GrassHillRight.png
  artifactKey: Guid(152b2b65b59347340bb65094f8e846a6) Importer(815301076,1909f56bfc062723c751e8b465ee728b)
Start importing Assets/BayatGames/Free Platform Game Assets/Tiles/2D Tiles ( Update 1.9 )/Autumn/256x256/GrassHillRight.png using Guid(152b2b65b59347340bb65094f8e846a6) Importer(815301076,1909f56bfc062723c751e8b465ee728b)  -> (artifact id: 'a2b353934312e964c2db2940e9c64d2a') in 0.008856 seconds
  Import took 0.011228 seconds .

========================================================================
Received Import Request.
  Time since last request: 0.000184 seconds.
  path: Assets/BayatGames/Free Platform Game Assets/Tiles/2D Tiles ( Update 1.9 )/Autumn/256x256/GrassHillLeft2.png
  artifactKey: Guid(e5977bf53b642514b9e120b34ce13480) Importer(815301076,1909f56bfc062723c751e8b465ee728b)
Start importing Assets/BayatGames/Free Platform Game Assets/Tiles/2D Tiles ( Update 1.9 )/Autumn/256x256/GrassHillLeft2.png using Guid(e5977bf53b642514b9e120b34ce13480) Importer(815301076,1909f56bfc062723c751e8b465ee728b)  -> (artifact id: 'f86f81e3a52aecd668aa81493dc47edc') in 0.007473 seconds
  Import took 0.009662 seconds .

========================================================================
Received Import Request.
  Time since last request: 0.000190 seconds.
  path: Assets/BayatGames/Free Platform Game Assets/Tiles/2D Tiles ( Update 1.9 )/Autumn/256x256/GrassColumn.png
  artifactKey: Guid(4c563e929510fb542b59840d133aa24d) Importer(815301076,1909f56bfc062723c751e8b465ee728b)
Start importing Assets/BayatGames/Free Platform Game Assets/Tiles/2D Tiles ( Update 1.9 )/Autumn/256x256/GrassColumn.png using Guid(4c563e929510fb542b59840d133aa24d) Importer(815301076,1909f56bfc062723c751e8b465ee728b)  -> (artifact id: '4c0c96c55259e306ed4da25e4ffb031d') in 0.007653 seconds
  Import took 0.009784 seconds .

========================================================================
Received Import Request.
  Time since last request: 0.000251 seconds.
  path: Assets/BayatGames/Free Platform Game Assets/Tiles/2D Tiles ( Update 1.9 )/Autumn/256x256/GrassHillLeft2 DownShadow.png
  artifactKey: Guid(b18cc5ea85fc62740aea736cbf271b00) Importer(815301076,1909f56bfc062723c751e8b465ee728b)
Start importing Assets/BayatGames/Free Platform Game Assets/Tiles/2D Tiles ( Update 1.9 )/Autumn/256x256/GrassHillLeft2 DownShadow.png using Guid(b18cc5ea85fc62740aea736cbf271b00) Importer(815301076,1909f56bfc062723c751e8b465ee728b)  -> (artifact id: 'ea3c20ab4a5214710f8fa2035a332bc0') in 0.007359 seconds
  Import took 0.009641 seconds .

========================================================================
Received Import Request.
  Time since last request: 0.000275 seconds.
  path: Assets/BayatGames/Free Platform Game Assets/Tiles/2D Tiles ( Update 1.9 )/Autumn/256x256/GrassJoinHillRight2 DownShadow.png
  artifactKey: Guid(1d3ca053d9823694ea8522c83c69f62e) Importer(815301076,1909f56bfc062723c751e8b465ee728b)
Start importing Assets/BayatGames/Free Platform Game Assets/Tiles/2D Tiles ( Update 1.9 )/Autumn/256x256/GrassJoinHillRight2 DownShadow.png using Guid(1d3ca053d9823694ea8522c83c69f62e) Importer(815301076,1909f56bfc062723c751e8b465ee728b)  -> (artifact id: '99bc833ec200187d66d696bf5e539e34') in 0.009004 seconds
  Import took 0.011241 seconds .

========================================================================
Received Import Request.
  Time since last request: 0.000185 seconds.
  path: Assets/BayatGames/Free Platform Game Assets/Tiles/2D Tiles ( Update 1.9 )/Autumn/256x256/GrassCliffRight.png
  artifactKey: Guid(0e046149a23c8604189ebedb79436c9d) Importer(815301076,1909f56bfc062723c751e8b465ee728b)
Start importing Assets/BayatGames/Free Platform Game Assets/Tiles/2D Tiles ( Update 1.9 )/Autumn/256x256/GrassCliffRight.png using Guid(0e046149a23c8604189ebedb79436c9d) Importer(815301076,1909f56bfc062723c751e8b465ee728b)  -> (artifact id: 'a5cb59db7fe87c333e7595683c014a0f') in 0.007578 seconds
  Import took 0.009829 seconds .

========================================================================
Received Import Request.
  Time since last request: 0.000331 seconds.
  path: Assets/BayatGames/Free Platform Game Assets/Tiles/2D Tiles ( Update 1.9 )/Autumn/256x256/GrassJoinHillRight.png
  artifactKey: Guid(086002ad15a2a5242a7bfbac33353fa9) Importer(815301076,1909f56bfc062723c751e8b465ee728b)
Start importing Assets/BayatGames/Free Platform Game Assets/Tiles/2D Tiles ( Update 1.9 )/Autumn/256x256/GrassJoinHillRight.png using Guid(086002ad15a2a5242a7bfbac33353fa9) Importer(815301076,1909f56bfc062723c751e8b465ee728b)  -> (artifact id: 'a99d90853a2010dec0d0165223ed910f') in 0.007685 seconds
  Import took 0.010080 seconds .

========================================================================
Received Import Request.
  Time since last request: 0.000195 seconds.
  path: Assets/BayatGames/Free Platform Game Assets/Tiles/2D Tiles ( Update 1.9 )/Autumn/256x256/GrassJoinHillRight2&Left2 DownShadow.png
  artifactKey: Guid(78af1c8a65976ce47935d6b852c4f37b) Importer(815301076,1909f56bfc062723c751e8b465ee728b)
Start importing Assets/BayatGames/Free Platform Game Assets/Tiles/2D Tiles ( Update 1.9 )/Autumn/256x256/GrassJoinHillRight2&Left2 DownShadow.png using Guid(78af1c8a65976ce47935d6b852c4f37b) Importer(815301076,1909f56bfc062723c751e8b465ee728b)  -> (artifact id: '1f7b333052df546868e87346a7b91566') in 0.010309 seconds
  Import took 0.012610 seconds .

========================================================================
Received Import Request.
  Time since last request: 35.678389 seconds.
  path: Assets/BayatGames/Free Platform Game Assets/Character/Character Animation ( Update 1.8 )
  artifactKey: Guid(463876520bcb40e46b9047b073639897) Importer(815301076,1909f56bfc062723c751e8b465ee728b)
Start importing Assets/BayatGames/Free Platform Game Assets/Character/Character Animation ( Update 1.8 ) using Guid(463876520bcb40e46b9047b073639897) Importer(815301076,1909f56bfc062723c751e8b465ee728b)  -> (artifact id: '7ab56ab3e9f2204901a97e4bdcc7c5fa') in 0.001454 seconds
  Import took 0.010761 seconds .

========================================================================
Received Import Request.
  Time since last request: 0.522625 seconds.
  path: Assets/BayatGames/Free Platform Game Assets/Character/Character Source
  artifactKey: Guid(e2fcd15e38045f146ad298394c585b29) Importer(815301076,1909f56bfc062723c751e8b465ee728b)
Start importing Assets/BayatGames/Free Platform Game Assets/Character/Character Source using Guid(e2fcd15e38045f146ad298394c585b29) Importer(815301076,1909f56bfc062723c751e8b465ee728b)  -> (artifact id: '4aa4e74f5e9bde2d5b7547cf50b0a6f7') in 0.001890 seconds
  Import took 0.005972 seconds .

========================================================================
Received Import Request.
  Time since last request: 2.842421 seconds.
  path: Assets/BayatGames/Free Platform Game Assets/Character/Character Source/png
  artifactKey: Guid(ba49fa5191630e8408bc327ff6801786) Importer(815301076,1909f56bfc062723c751e8b465ee728b)
Start importing Assets/BayatGames/Free Platform Game Assets/Character/Character Source/png using Guid(ba49fa5191630e8408bc327ff6801786) Importer(815301076,1909f56bfc062723c751e8b465ee728b)  -> (artifact id: '3149c8e0fc0ee3699a2ddc636bc49d5f') in 0.001156 seconds
  Import took 0.005030 seconds .

========================================================================
Received Import Request.
  Time since last request: 9.589545 seconds.
  path: Assets/BayatGames/Free Platform Game Assets/Character/Character Animation ( Update 1.8 )/Idle
  artifactKey: Guid(b2fccbf6373b5ee43872873fb27a403c) Importer(815301076,1909f56bfc062723c751e8b465ee728b)
Start importing Assets/BayatGames/Free Platform Game Assets/Character/Character Animation ( Update 1.8 )/Idle using Guid(b2fccbf6373b5ee43872873fb27a403c) Importer(815301076,1909f56bfc062723c751e8b465ee728b)  -> (artifact id: '7282f7921757d7769c39938344b0f958') in 0.001520 seconds
  Import took 0.005918 seconds .

========================================================================
Received Import Request.
  Time since last request: 0.700576 seconds.
  path: Assets/BayatGames/Free Platform Game Assets/Character/Character Animation ( Update 1.8 )/Idle/1x.png
  artifactKey: Guid(c483493eb3ec0f143b5d78ad823ac661) Importer(815301076,1909f56bfc062723c751e8b465ee728b)
Start importing Assets/BayatGames/Free Platform Game Assets/Character/Character Animation ( Update 1.8 )/Idle/1x.png using Guid(c483493eb3ec0f143b5d78ad823ac661) Importer(815301076,1909f56bfc062723c751e8b465ee728b)  -> (artifact id: '9a57441e88d8a2ca368a63b647ec366d') in 0.016952 seconds
  Import took 0.021278 seconds .

========================================================================
Received Import Request.
  Time since last request: 0.000247 seconds.
  path: Assets/BayatGames/Free Platform Game Assets/Character/Character Animation ( Update 1.8 )/Idle/2x.png
  artifactKey: Guid(6bd1c00f5f6ecc746b6e2277f8a7d292) Importer(815301076,1909f56bfc062723c751e8b465ee728b)
Start importing Assets/BayatGames/Free Platform Game Assets/Character/Character Animation ( Update 1.8 )/Idle/2x.png using Guid(6bd1c00f5f6ecc746b6e2277f8a7d292) Importer(815301076,1909f56bfc062723c751e8b465ee728b)  -> (artifact id: '886338371c2384e3d97361bf8f5d6aac') in 0.015442 seconds
  Import took 0.020329 seconds .

========================================================================
Received Import Request.
  Time since last request: 9.940841 seconds.
  path: Assets/BayatGames/Free Platform Game Assets/Character/Character Animation ( Update 1.8 )/Idle/Blink
  artifactKey: Guid(98c566e663ee788429ae843b64df36ac) Importer(815301076,1909f56bfc062723c751e8b465ee728b)
Start importing Assets/BayatGames/Free Platform Game Assets/Character/Character Animation ( Update 1.8 )/Idle/Blink using Guid(98c566e663ee788429ae843b64df36ac) Importer(815301076,1909f56bfc062723c751e8b465ee728b)  -> (artifact id: '532d74ea5f5a55d91775a96d144ed5d5') in 0.001580 seconds
  Import took 0.004784 seconds .

========================================================================
Received Import Request.
  Time since last request: 0.038930 seconds.
  path: Assets/BayatGames/Free Platform Game Assets/Character/Character Animation ( Update 1.8 )/Idle/Blink/1x.png
  artifactKey: Guid(7271c00af7c561f4da251fcfe62912d4) Importer(815301076,1909f56bfc062723c751e8b465ee728b)
Start importing Assets/BayatGames/Free Platform Game Assets/Character/Character Animation ( Update 1.8 )/Idle/Blink/1x.png using Guid(7271c00af7c561f4da251fcfe62912d4) Importer(815301076,1909f56bfc062723c751e8b465ee728b)  -> (artifact id: '271968f82751b8ea5362069a797c8d88') in 0.008236 seconds
  Import took 0.010957 seconds .

========================================================================
Received Import Request.
  Time since last request: 0.000217 seconds.
  path: Assets/BayatGames/Free Platform Game Assets/Character/Character Animation ( Update 1.8 )/Idle/Blink/2x.png
  artifactKey: Guid(445f456e4b154514898d79d71b55c05f) Importer(815301076,1909f56bfc062723c751e8b465ee728b)
Start importing Assets/BayatGames/Free Platform Game Assets/Character/Character Animation ( Update 1.8 )/Idle/Blink/2x.png using Guid(445f456e4b154514898d79d71b55c05f) Importer(815301076,1909f56bfc062723c751e8b465ee728b)  -> (artifact id: '413fc03d24a56136146327f9aabbe50f') in 0.006962 seconds
  Import took 0.009404 seconds .

========================================================================
Received Import Request.
  Time since last request: 3339.333321 seconds.
  path: Assets/BayatGames/Free Platform Game Assets/Character/Character Animation ( Update 1.8 )/Idle/Blink/2x.png
  artifactKey: Guid(445f456e4b154514898d79d71b55c05f) Importer(815301076,1909f56bfc062723c751e8b465ee728b)
Start importing Assets/BayatGames/Free Platform Game Assets/Character/Character Animation ( Update 1.8 )/Idle/Blink/2x.png using Guid(445f456e4b154514898d79d71b55c05f) Importer(815301076,1909f56bfc062723c751e8b465ee728b)  -> (artifact id: '6200ad841c416abcbdbfbf713155e4c6') in 0.015633 seconds
  Import took 0.028112 seconds .

========================================================================
Received Import Request.
  Time since last request: 46.370781 seconds.
  path: Assets/BayatGames/Free Platform Game Assets/Character/Character Animation ( Update 1.8 )/Idle/Blink/2x.png
  artifactKey: Guid(445f456e4b154514898d79d71b55c05f) Importer(815301076,1909f56bfc062723c751e8b465ee728b)
Start importing Assets/BayatGames/Free Platform Game Assets/Character/Character Animation ( Update 1.8 )/Idle/Blink/2x.png using Guid(445f456e4b154514898d79d71b55c05f) Importer(815301076,1909f56bfc062723c751e8b465ee728b)  -> (artifact id: '0acd43251003c54a29467fb330fdde2c') in 0.058683 seconds
  Import took 0.066045 seconds .

========================================================================
Received Import Request.
  Time since last request: 18.711349 seconds.
  path: Assets/BayatGames/Free Platform Game Assets/Character/Character Animation ( Update 1.8 )/Idle/Blink/2x.png
  artifactKey: Guid(445f456e4b154514898d79d71b55c05f) Importer(815301076,1909f56bfc062723c751e8b465ee728b)
Start importing Assets/BayatGames/Free Platform Game Assets/Character/Character Animation ( Update 1.8 )/Idle/Blink/2x.png using Guid(445f456e4b154514898d79d71b55c05f) Importer(815301076,1909f56bfc062723c751e8b465ee728b)  -> (artifact id: '61430268c619dd40e05a4aa1aac8fef1') in 0.060335 seconds
  Import took 0.064196 seconds .

========================================================================
Received Import Request.
  Time since last request: 479.142453 seconds.
  path: Assets/BayatGames/Free Platform Game Assets/Character/Character Animation ( Update 1.8 )/Idle/Blink/2x.png
  artifactKey: Guid(445f456e4b154514898d79d71b55c05f) Importer(815301076,1909f56bfc062723c751e8b465ee728b)
Start importing Assets/BayatGames/Free Platform Game Assets/Character/Character Animation ( Update 1.8 )/Idle/Blink/2x.png using Guid(445f456e4b154514898d79d71b55c05f) Importer(815301076,1909f56bfc062723c751e8b465ee728b)  -> (artifact id: 'eadf20372e3c8f83e06c77988fec0006') in 0.055861 seconds
  Import took 0.066145 seconds .

========================================================================
Received Import Request.
  Time since last request: 40.334403 seconds.
  path: Assets/BayatGames/Free Platform Game Assets/Character/Character Animation ( Update 1.8 )/Idle/Blink/1x.png
  artifactKey: Guid(7271c00af7c561f4da251fcfe62912d4) Importer(815301076,1909f56bfc062723c751e8b465ee728b)
Start importing Assets/BayatGames/Free Platform Game Assets/Character/Character Animation ( Update 1.8 )/Idle/Blink/1x.png using Guid(7271c00af7c561f4da251fcfe62912d4) Importer(815301076,1909f56bfc062723c751e8b465ee728b)  -> (artifact id: 'a812ef8f9b8e1cef4fc0145fbdb2e20d') in 0.023713 seconds
  Import took 0.043201 seconds .

========================================================================
Received Import Request.
  Time since last request: 10.467839 seconds.
  path: Assets/BayatGames/Free Platform Game Assets/Character/Character Animation ( Update 1.8 )/Idle/Blink/1x.png
  artifactKey: Guid(7271c00af7c561f4da251fcfe62912d4) Importer(815301076,1909f56bfc062723c751e8b465ee728b)
Start importing Assets/BayatGames/Free Platform Game Assets/Character/Character Animation ( Update 1.8 )/Idle/Blink/1x.png using Guid(7271c00af7c561f4da251fcfe62912d4) Importer(815301076,1909f56bfc062723c751e8b465ee728b)  -> (artifact id: '9918563fa0313f9dff11ac5589b1a305') in 0.029548 seconds
  Import took 0.033114 seconds .

========================================================================
Received Import Request.
  Time since last request: 31.682857 seconds.
  path: Assets/BayatGames/Free Platform Game Assets/Character/Character Animation ( Update 1.8 )/Idle/Blink/1x.png
  artifactKey: Guid(7271c00af7c561f4da251fcfe62912d4) Importer(815301076,1909f56bfc062723c751e8b465ee728b)
Start importing Assets/BayatGames/Free Platform Game Assets/Character/Character Animation ( Update 1.8 )/Idle/Blink/1x.png using Guid(7271c00af7c561f4da251fcfe62912d4) Importer(815301076,1909f56bfc062723c751e8b465ee728b)  -> (artifact id: 'd1b734454dd8a7b38ab4c7f7a530f2dd') in 0.037017 seconds
  Import took 0.046502 seconds .

========================================================================
Received Prepare
Registering precompiled user dll's ...
Registered in 0.005340 seconds.
Begin MonoManager ReloadAssembly
Native extension for WindowsStandalone target not found
Native extension for OSXStandalone target not found
Native extension for WebGL target not found
Refreshing native plugins compatible for Editor in 0.52 ms, found 3 plugins.
Preloading 0 native plugins for Editor in 0.00 ms.
Mono: successfully reloaded assembly
- Completed reload, in  2.528 seconds
Platform modules already initialized, skipping
Refreshing native plugins compatible for Editor in 0.49 ms, found 3 plugins.
Preloading 0 native plugins for Editor in 0.00 ms.
Unloading 2087 Unused Serialized files (Serialized files now loaded: 0)
System memory in use before: 184.4 MB.
System memory in use after: 184.4 MB.

Unloading 23 unused Assets to reduce memory usage. Loaded Objects now: 2543.
Total: 1.689458 ms (FindLiveObjects: 0.168958 ms CreateObjectMapping: 0.042000 ms MarkObjects: 1.374458 ms  DeleteObjects: 0.103125 ms)

========================================================================
Received Prepare
Registering precompiled user dll's ...
Registered in 0.004685 seconds.
Begin MonoManager ReloadAssembly
Native extension for WindowsStandalone target not found
Native extension for OSXStandalone target not found
Native extension for WebGL target not found
Refreshing native plugins compatible for Editor in 0.50 ms, found 3 plugins.
Preloading 0 native plugins for Editor in 0.00 ms.
Mono: successfully reloaded assembly
- Completed reload, in  2.368 seconds
Platform modules already initialized, skipping
Refreshing native plugins compatible for Editor in 0.45 ms, found 3 plugins.
Preloading 0 native plugins for Editor in 0.00 ms.
Unloading 2087 Unused Serialized files (Serialized files now loaded: 0)
System memory in use before: 184.7 MB.
System memory in use after: 184.7 MB.

Unloading 23 unused Assets to reduce memory usage. Loaded Objects now: 2547.
Total: 1.597041 ms (FindLiveObjects: 0.136125 ms CreateObjectMapping: 0.039625 ms MarkObjects: 1.313667 ms  DeleteObjects: 0.106916 ms)

========================================================================
Received Prepare
Registering precompiled user dll's ...
Registered in 0.004104 seconds.
Begin MonoManager ReloadAssembly
Native extension for WindowsStandalone target not found
Native extension for OSXStandalone target not found
Native extension for WebGL target not found
Refreshing native plugins compatible for Editor in 0.48 ms, found 3 plugins.
Preloading 0 native plugins for Editor in 0.00 ms.
Mono: successfully reloaded assembly
- Completed reload, in  2.335 seconds
Platform modules already initialized, skipping
Refreshing native plugins compatible for Editor in 0.39 ms, found 3 plugins.
Preloading 0 native plugins for Editor in 0.00 ms.
Unloading 2087 Unused Serialized files (Serialized files now loaded: 0)
System memory in use before: 184.9 MB.
System memory in use after: 184.9 MB.

Unloading 23 unused Assets to reduce memory usage. Loaded Objects now: 2551.
Total: 1.607625 ms (FindLiveObjects: 0.128875 ms CreateObjectMapping: 0.038750 ms MarkObjects: 1.326750 ms  DeleteObjects: 0.112250 ms)

========================================================================
Received Import Request.
  Time since last request: 223.105152 seconds.
  path: Assets/Scripts
  artifactKey: Guid(e87c33dbca3f04aada73379283075c63) Importer(815301076,1909f56bfc062723c751e8b465ee728b)
Start importing Assets/Scripts using Guid(e87c33dbca3f04aada73379283075c63) Importer(815301076,1909f56bfc062723c751e8b465ee728b)  -> (artifact id: '355a730d937390c13d87b7aafc1b0f4b') in 0.005395 seconds
  Import took 0.007735 seconds .

========================================================================
Received Import Request.
  Time since last request: 9.630354 seconds.
  path: Assets/Scripts/Character01.cs
  artifactKey: Guid(5a9c51d2588f4441eaa534d319fdc78e) Importer(815301076,1909f56bfc062723c751e8b465ee728b)
Start importing Assets/Scripts/Character01.cs using Guid(5a9c51d2588f4441eaa534d319fdc78e) Importer(815301076,1909f56bfc062723c751e8b465ee728b)  -> (artifact id: 'e2ddc0f4ccb4b8d929ad8784f0bbf3bd') in 0.387646 seconds
  Import took 0.390633 seconds .

========================================================================
Received Prepare
Registering precompiled user dll's ...
Registered in 0.003114 seconds.
Begin MonoManager ReloadAssembly
Native extension for WindowsStandalone target not found
Native extension for OSXStandalone target not found
Native extension for WebGL target not found
Refreshing native plugins compatible for Editor in 0.81 ms, found 3 plugins.
Preloading 0 native plugins for Editor in 0.00 ms.
Mono: successfully reloaded assembly
- Completed reload, in  2.896 seconds
Platform modules already initialized, skipping
Refreshing native plugins compatible for Editor in 0.55 ms, found 3 plugins.
Preloading 0 native plugins for Editor in 0.00 ms.
Unloading 2088 Unused Serialized files (Serialized files now loaded: 0)
System memory in use before: 189.5 MB.
System memory in use after: 189.5 MB.

Unloading 23 unused Assets to reduce memory usage. Loaded Objects now: 2556.
Total: 1.826833 ms (FindLiveObjects: 0.199833 ms CreateObjectMapping: 0.060000 ms MarkObjects: 1.453416 ms  DeleteObjects: 0.112708 ms)

